<?xml version="1.0" encoding="ISO-8859-1"?>
<!--
    Copyright (c) 2016-2017, RTE (http://www.rte-france.com)
    This Source Code Form is subject to the terms of the Mozilla Public
    License, v. 2.0. If a copy of the MPL was not distributed with this
    file, You can obtain one at http://mozilla.org/MPL/2.0/.

-->
<actionsContingencies>

    <zones>
        <zone name="ZONE1" number="1" description="zone one">
            <voltageLevels>
                <voltageLevel ID="VL1" name="VL1" level="380"/>
                <voltageLevel ID="VL2" name="VL2" level="380"/>
            </voltageLevels>
        </zone>
    </zones>

    <contingencies>
        <contingency>
            <name>N-1_Contingency</name>
            <zones>
                <num>1</num>
            </zones>
            <equipments>
                <equipment id="LINE1_ACLS"/>
            </equipments>
        </contingency>
    </contingencies>

    <elementaryActions>
        <elementaryAction name="Action1" curativeType="true" preventiveType="true" startTime="120">
            <description info="action 1"/>
            <zones>
                <num>1</num>
            </zones>
            <lineOperation id="LINE1_ACLS" substation="S1" action="opening" implementationTime="150"
                           achievmentIndex="100"/>
        </elementaryAction>
        <elementaryAction name="Action2" curativeType="true" preventiveType="true" startTime="120">
            <description info="action 2"/>
            <zones>
                <num>1</num>
            </zones>
            <lineOperation id="LINE2_ACLS" substation="S2" action="opening" implementationTime="150"
                           achievmentIndex="100"/>
        </elementaryAction>
    </elementaryActions>

    <actionPlans>
        <actionPlan name="Plan1">
            <description info="plan 1"/>
            <zones>
                <num>1</num>
            </zones>
            <option priority="1">
                <logicalExpression>
                    <and>
                        <operand>1</operand>
                        <operand>2</operand>
                    </and>
                </logicalExpression>
                <action id="Action1" num="1" achievmentIndex="100"/>
                <action id="Action2" num="2" achievmentIndex="100"/>
            </option>
        </actionPlan>
    </actionPlans>

    <actionCtgAssociations>
        <association>
            <contingency id="N-1_Contingency"/>
            <constraint equipment="LINE1_ACLS" type="overload" value="1200"/>
            <action id="Action2"/>
        </association>
        <association>
            <constraint equipment="LINE2_ACLS" type="overload" value="1200"/>
            <action id="Action1"/>
        </association>
    </actionCtgAssociations>

</actionsContingencies>